[0.483s] Invoking command in '/home/sakutoshirasawa/ros2_ws/src/mypkg': PYTHONPATH=/home/sakutoshirasawa/ros2_ws/build/mypkg/prefix_override:/home/sakutoshirasawa/ros2_ws/install/mypkg/lib/python3.10/site-packages:${PYTHONPATH} /usr/bin/python3 setup.py egg_info --egg-base ../../build/mypkg build --build-base /home/sakutoshirasawa/ros2_ws/build/mypkg/build install --record /home/sakutoshirasawa/ros2_ws/build/mypkg/install.log --single-version-externally-managed
[0.645s] running egg_info
[0.646s] writing ../../build/mypkg/mypkg.egg-info/PKG-INFO
[0.646s] writing dependency_links to ../../build/mypkg/mypkg.egg-info/dependency_links.txt
[0.646s] writing entry points to ../../build/mypkg/mypkg.egg-info/entry_points.txt
[0.646s] writing requirements to ../../build/mypkg/mypkg.egg-info/requires.txt
[0.646s] writing top-level names to ../../build/mypkg/mypkg.egg-info/top_level.txt
[0.648s] reading manifest file '../../build/mypkg/mypkg.egg-info/SOURCES.txt'
[0.648s] writing manifest file '../../build/mypkg/mypkg.egg-info/SOURCES.txt'
[0.649s] running build
[0.649s] running build_py
[0.649s] running install
[0.649s] /usr/lib/python3/dist-packages/setuptools/command/install.py:34: SetuptoolsDeprecationWarning: setup.py install is deprecated. Use build and pip and other standards-based tools.
[0.649s]   warnings.warn(
[0.649s] running install_lib
[0.650s] running install_data
[0.651s] running install_egg_info
[0.652s] removing '/home/sakutoshirasawa/ros2_ws/install/mypkg/lib/python3.10/site-packages/mypkg-0.0.0-py3.10.egg-info' (and everything under it)
[0.652s] Copying ../../build/mypkg/mypkg.egg-info to /home/sakutoshirasawa/ros2_ws/install/mypkg/lib/python3.10/site-packages/mypkg-0.0.0-py3.10.egg-info
[0.652s] running install_scripts
[0.668s] Installing listener script to /home/sakutoshirasawa/ros2_ws/install/mypkg/lib/mypkg
[0.669s] Installing talker script to /home/sakutoshirasawa/ros2_ws/install/mypkg/lib/mypkg
[0.669s] writing list of installed files to '/home/sakutoshirasawa/ros2_ws/build/mypkg/install.log'
[0.694s] Invoked command in '/home/sakutoshirasawa/ros2_ws/src/mypkg' returned '0': PYTHONPATH=/home/sakutoshirasawa/ros2_ws/build/mypkg/prefix_override:/home/sakutoshirasawa/ros2_ws/install/mypkg/lib/python3.10/site-packages:${PYTHONPATH} /usr/bin/python3 setup.py egg_info --egg-base ../../build/mypkg build --build-base /home/sakutoshirasawa/ros2_ws/build/mypkg/build install --record /home/sakutoshirasawa/ros2_ws/build/mypkg/install.log --single-version-externally-managed
