[0.654s] Invoking command in '/home/sakutoshirasawa/ros2_ws/src/mypkg': PYTHONPATH=/home/sakutoshirasawa/ros2_ws/src/mypkg/build/mypkg/prefix_override:/home/sakutoshirasawa/ros2_ws/src/mypkg/install/mypkg/lib/python3.10/site-packages:${PYTHONPATH} /usr/bin/python3 setup.py egg_info --egg-base build/mypkg build --build-base /home/sakutoshirasawa/ros2_ws/src/mypkg/build/mypkg/build install --record /home/sakutoshirasawa/ros2_ws/src/mypkg/build/mypkg/install.log --single-version-externally-managed
[0.860s] running egg_info
[0.860s] creating build/mypkg/mypkg.egg-info
[0.861s] writing build/mypkg/mypkg.egg-info/PKG-INFO
[0.861s] writing dependency_links to build/mypkg/mypkg.egg-info/dependency_links.txt
[0.861s] writing entry points to build/mypkg/mypkg.egg-info/entry_points.txt
[0.864s] writing requirements to build/mypkg/mypkg.egg-info/requires.txt
[0.864s] writing top-level names to build/mypkg/mypkg.egg-info/top_level.txt
[0.864s] writing manifest file 'build/mypkg/mypkg.egg-info/SOURCES.txt'
[0.866s] reading manifest file 'build/mypkg/mypkg.egg-info/SOURCES.txt'
[0.869s] writing manifest file 'build/mypkg/mypkg.egg-info/SOURCES.txt'
[0.869s] running build
[0.870s] running build_py
[0.870s] creating /home/sakutoshirasawa/ros2_ws/src/mypkg/build/mypkg/build
[0.871s] creating /home/sakutoshirasawa/ros2_ws/src/mypkg/build/mypkg/build/lib
[0.871s] creating /home/sakutoshirasawa/ros2_ws/src/mypkg/build/mypkg/build/lib/mypkg
[0.871s] copying mypkg/talker.py -> /home/sakutoshirasawa/ros2_ws/src/mypkg/build/mypkg/build/lib/mypkg
[0.872s] copying mypkg/listener.py -> /home/sakutoshirasawa/ros2_ws/src/mypkg/build/mypkg/build/lib/mypkg
[0.872s] copying mypkg/__init__.py -> /home/sakutoshirasawa/ros2_ws/src/mypkg/build/mypkg/build/lib/mypkg
[0.872s] running install
[0.872s] running install_lib
[0.873s] /usr/lib/python3/dist-packages/setuptools/command/install.py:34: SetuptoolsDeprecationWarning: setup.py install is deprecated. Use build and pip and other standards-based tools.
[0.874s]   warnings.warn(
[0.874s] creating /home/sakutoshirasawa/ros2_ws/src/mypkg/install/mypkg/lib/python3.10/site-packages/mypkg
[0.874s] copying /home/sakutoshirasawa/ros2_ws/src/mypkg/build/mypkg/build/lib/mypkg/talker.py -> /home/sakutoshirasawa/ros2_ws/src/mypkg/install/mypkg/lib/python3.10/site-packages/mypkg
[0.874s] copying /home/sakutoshirasawa/ros2_ws/src/mypkg/build/mypkg/build/lib/mypkg/listener.py -> /home/sakutoshirasawa/ros2_ws/src/mypkg/install/mypkg/lib/python3.10/site-packages/mypkg
[0.874s] copying /home/sakutoshirasawa/ros2_ws/src/mypkg/build/mypkg/build/lib/mypkg/__init__.py -> /home/sakutoshirasawa/ros2_ws/src/mypkg/install/mypkg/lib/python3.10/site-packages/mypkg
[0.875s] byte-compiling /home/sakutoshirasawa/ros2_ws/src/mypkg/install/mypkg/lib/python3.10/site-packages/mypkg/talker.py to talker.cpython-310.pyc
[0.878s] byte-compiling /home/sakutoshirasawa/ros2_ws/src/mypkg/install/mypkg/lib/python3.10/site-packages/mypkg/listener.py to listener.cpython-310.pyc
[0.878s] byte-compiling /home/sakutoshirasawa/ros2_ws/src/mypkg/install/mypkg/lib/python3.10/site-packages/mypkg/__init__.py to __init__.cpython-310.pyc
[0.878s] running install_data
[0.879s] creating /home/sakutoshirasawa/ros2_ws/src/mypkg/install/mypkg/share/ament_index
[0.879s] creating /home/sakutoshirasawa/ros2_ws/src/mypkg/install/mypkg/share/ament_index/resource_index
[0.882s] creating /home/sakutoshirasawa/ros2_ws/src/mypkg/install/mypkg/share/ament_index/resource_index/packages
[0.882s] copying resource/mypkg -> /home/sakutoshirasawa/ros2_ws/src/mypkg/install/mypkg/share/ament_index/resource_index/packages
[0.882s] copying package.xml -> /home/sakutoshirasawa/ros2_ws/src/mypkg/install/mypkg/share/mypkg
[0.882s] running install_egg_info
[0.897s] Copying build/mypkg/mypkg.egg-info to /home/sakutoshirasawa/ros2_ws/src/mypkg/install/mypkg/lib/python3.10/site-packages/mypkg-0.0.0-py3.10.egg-info
[0.900s] running install_scripts
[0.962s] Installing listener script to /home/sakutoshirasawa/ros2_ws/src/mypkg/install/mypkg/lib/mypkg
[0.962s] Installing talker script to /home/sakutoshirasawa/ros2_ws/src/mypkg/install/mypkg/lib/mypkg
[0.963s] writing list of installed files to '/home/sakutoshirasawa/ros2_ws/src/mypkg/build/mypkg/install.log'
[0.988s] Invoked command in '/home/sakutoshirasawa/ros2_ws/src/mypkg' returned '0': PYTHONPATH=/home/sakutoshirasawa/ros2_ws/src/mypkg/build/mypkg/prefix_override:/home/sakutoshirasawa/ros2_ws/src/mypkg/install/mypkg/lib/python3.10/site-packages:${PYTHONPATH} /usr/bin/python3 setup.py egg_info --egg-base build/mypkg build --build-base /home/sakutoshirasawa/ros2_ws/src/mypkg/build/mypkg/build install --record /home/sakutoshirasawa/ros2_ws/src/mypkg/build/mypkg/install.log --single-version-externally-managed
