[0.513s] Invoking command in '/home/sakutoshirasawa/ros2_ws/src/mypkg': PYTHONPATH=/home/sakutoshirasawa/ros2_ws/build/mypkg/prefix_override:/home/sakutoshirasawa/ros2_ws/install/mypkg/lib/python3.10/site-packages:${PYTHONPATH} /usr/bin/python3 setup.py egg_info --egg-base ../../build/mypkg build --build-base /home/sakutoshirasawa/ros2_ws/build/mypkg/build install --record /home/sakutoshirasawa/ros2_ws/build/mypkg/install.log --single-version-externally-managed
[0.671s] running egg_info
[0.672s] writing ../../build/mypkg/mypkg.egg-info/PKG-INFO
[0.672s] writing dependency_links to ../../build/mypkg/mypkg.egg-info/dependency_links.txt
[0.672s] writing entry points to ../../build/mypkg/mypkg.egg-info/entry_points.txt
[0.672s] writing requirements to ../../build/mypkg/mypkg.egg-info/requires.txt
[0.672s] writing top-level names to ../../build/mypkg/mypkg.egg-info/top_level.txt
[0.674s] reading manifest file '../../build/mypkg/mypkg.egg-info/SOURCES.txt'
[0.674s] writing manifest file '../../build/mypkg/mypkg.egg-info/SOURCES.txt'
[0.674s] running build
[0.674s] running build_py
[0.676s] copying mypkg/listener.py -> /home/sakutoshirasawa/ros2_ws/build/mypkg/build/lib/mypkg
[0.676s] /usr/lib/python3/dist-packages/setuptools/command/install.py:34: SetuptoolsDeprecationWarning: setup.py install is deprecated. Use build and pip and other standards-based tools.
[0.676s]   warnings.warn(
[0.677s] running install
[0.677s] running install_lib
[0.677s] copying /home/sakutoshirasawa/ros2_ws/build/mypkg/build/lib/mypkg/listener.py -> /home/sakutoshirasawa/ros2_ws/install/mypkg/lib/python3.10/site-packages/mypkg
[0.677s] byte-compiling /home/sakutoshirasawa/ros2_ws/install/mypkg/lib/python3.10/site-packages/mypkg/listener.py to listener.cpython-310.pyc
[0.677s] running install_data
[0.677s] running install_egg_info
[0.678s] removing '/home/sakutoshirasawa/ros2_ws/install/mypkg/lib/python3.10/site-packages/mypkg-0.0.0-py3.10.egg-info' (and everything under it)
[0.678s] Copying ../../build/mypkg/mypkg.egg-info to /home/sakutoshirasawa/ros2_ws/install/mypkg/lib/python3.10/site-packages/mypkg-0.0.0-py3.10.egg-info
[0.678s] running install_scripts
[0.694s] Installing listener script to /home/sakutoshirasawa/ros2_ws/install/mypkg/lib/mypkg
[0.694s] Installing talker script to /home/sakutoshirasawa/ros2_ws/install/mypkg/lib/mypkg
[0.695s] writing list of installed files to '/home/sakutoshirasawa/ros2_ws/build/mypkg/install.log'
[0.715s] Invoked command in '/home/sakutoshirasawa/ros2_ws/src/mypkg' returned '0': PYTHONPATH=/home/sakutoshirasawa/ros2_ws/build/mypkg/prefix_override:/home/sakutoshirasawa/ros2_ws/install/mypkg/lib/python3.10/site-packages:${PYTHONPATH} /usr/bin/python3 setup.py egg_info --egg-base ../../build/mypkg build --build-base /home/sakutoshirasawa/ros2_ws/build/mypkg/build install --record /home/sakutoshirasawa/ros2_ws/build/mypkg/install.log --single-version-externally-managed
