[0.505s] Invoking command in '/home/sakutoshirasawa/ros2_ws/src/mypkg': PYTHONPATH=/home/sakutoshirasawa/ros2_ws/build/mypkg/prefix_override:/home/sakutoshirasawa/ros2_ws/install/mypkg/lib/python3.10/site-packages:${PYTHONPATH} /usr/bin/python3 setup.py egg_info --egg-base ../../build/mypkg build --build-base /home/sakutoshirasawa/ros2_ws/build/mypkg/build install --record /home/sakutoshirasawa/ros2_ws/build/mypkg/install.log --single-version-externally-managed
[0.661s] running egg_info
[0.662s] writing ../../build/mypkg/mypkg.egg-info/PKG-INFO
[0.662s] writing dependency_links to ../../build/mypkg/mypkg.egg-info/dependency_links.txt
[0.662s] writing entry points to ../../build/mypkg/mypkg.egg-info/entry_points.txt
[0.662s] writing requirements to ../../build/mypkg/mypkg.egg-info/requires.txt
[0.662s] writing top-level names to ../../build/mypkg/mypkg.egg-info/top_level.txt
[0.663s] reading manifest file '../../build/mypkg/mypkg.egg-info/SOURCES.txt'
[0.664s] writing manifest file '../../build/mypkg/mypkg.egg-info/SOURCES.txt'
[0.664s] running build
[0.664s] running build_py
[0.665s] copying mypkg/talker.py -> /home/sakutoshirasawa/ros2_ws/build/mypkg/build/lib/mypkg
[0.665s] running install
[0.665s] running install_lib
[0.666s] /usr/lib/python3/dist-packages/setuptools/command/install.py:34: SetuptoolsDeprecationWarning: setup.py install is deprecated. Use build and pip and other standards-based tools.
[0.666s]   warnings.warn(
[0.666s] copying /home/sakutoshirasawa/ros2_ws/build/mypkg/build/lib/mypkg/talker.py -> /home/sakutoshirasawa/ros2_ws/install/mypkg/lib/python3.10/site-packages/mypkg
[0.666s] byte-compiling /home/sakutoshirasawa/ros2_ws/install/mypkg/lib/python3.10/site-packages/mypkg/talker.py to talker.cpython-310.pyc
[0.666s] running install_data
[0.667s] running install_egg_info
[0.668s] removing '/home/sakutoshirasawa/ros2_ws/install/mypkg/lib/python3.10/site-packages/mypkg-0.0.0-py3.10.egg-info' (and everything under it)
[0.668s] Copying ../../build/mypkg/mypkg.egg-info to /home/sakutoshirasawa/ros2_ws/install/mypkg/lib/python3.10/site-packages/mypkg-0.0.0-py3.10.egg-info
[0.669s] running install_scripts
[0.685s] Installing listener script to /home/sakutoshirasawa/ros2_ws/install/mypkg/lib/mypkg
[0.685s] Installing talker script to /home/sakutoshirasawa/ros2_ws/install/mypkg/lib/mypkg
[0.685s] writing list of installed files to '/home/sakutoshirasawa/ros2_ws/build/mypkg/install.log'
[0.732s] Invoked command in '/home/sakutoshirasawa/ros2_ws/src/mypkg' returned '0': PYTHONPATH=/home/sakutoshirasawa/ros2_ws/build/mypkg/prefix_override:/home/sakutoshirasawa/ros2_ws/install/mypkg/lib/python3.10/site-packages:${PYTHONPATH} /usr/bin/python3 setup.py egg_info --egg-base ../../build/mypkg build --build-base /home/sakutoshirasawa/ros2_ws/build/mypkg/build install --record /home/sakutoshirasawa/ros2_ws/build/mypkg/install.log --single-version-externally-managed
