[0.644s] Invoking command in '/home/sakutoshirasawa/ros2_ws/src/mypkg': PYTHONPATH=/home/sakutoshirasawa/ros2_ws/build/mypkg/prefix_override:/home/sakutoshirasawa/ros2_ws/install/mypkg/lib/python3.10/site-packages:${PYTHONPATH} /usr/bin/python3 setup.py egg_info --egg-base ../../build/mypkg build --build-base /home/sakutoshirasawa/ros2_ws/build/mypkg/build install --record /home/sakutoshirasawa/ros2_ws/build/mypkg/install.log --single-version-externally-managed
[0.856s] running egg_info
[0.856s] writing ../../build/mypkg/mypkg.egg-info/PKG-INFO
[0.857s] writing dependency_links to ../../build/mypkg/mypkg.egg-info/dependency_links.txt
[0.857s] writing entry points to ../../build/mypkg/mypkg.egg-info/entry_points.txt
[0.858s] writing requirements to ../../build/mypkg/mypkg.egg-info/requires.txt
[0.858s] writing top-level names to ../../build/mypkg/mypkg.egg-info/top_level.txt
[0.860s] reading manifest file '../../build/mypkg/mypkg.egg-info/SOURCES.txt'
[0.861s] writing manifest file '../../build/mypkg/mypkg.egg-info/SOURCES.txt'
[0.861s] running build
[0.861s] running build_py
[0.862s] copying mypkg/listener.py -> /home/sakutoshirasawa/ros2_ws/build/mypkg/build/lib/mypkg
[0.862s] running install
[0.862s] /usr/lib/python3/dist-packages/setuptools/command/install.py:34: SetuptoolsDeprecationWarning: setup.py install is deprecated. Use build and pip and other standards-based tools.
[0.862s]   warnings.warn(
[0.862s] running install_lib
[0.864s] copying /home/sakutoshirasawa/ros2_ws/build/mypkg/build/lib/mypkg/listener.py -> /home/sakutoshirasawa/ros2_ws/install/mypkg/lib/python3.10/site-packages/mypkg
[0.864s] byte-compiling /home/sakutoshirasawa/ros2_ws/install/mypkg/lib/python3.10/site-packages/mypkg/listener.py to listener.cpython-310.pyc
[0.864s] running install_data
[0.865s] running install_egg_info
[0.866s] removing '/home/sakutoshirasawa/ros2_ws/install/mypkg/lib/python3.10/site-packages/mypkg-0.0.0-py3.10.egg-info' (and everything under it)
[0.867s] Copying ../../build/mypkg/mypkg.egg-info to /home/sakutoshirasawa/ros2_ws/install/mypkg/lib/python3.10/site-packages/mypkg-0.0.0-py3.10.egg-info
[0.867s] running install_scripts
[0.889s] Installing listener script to /home/sakutoshirasawa/ros2_ws/install/mypkg/lib/mypkg
[0.890s] Installing talker script to /home/sakutoshirasawa/ros2_ws/install/mypkg/lib/mypkg
[0.890s] writing list of installed files to '/home/sakutoshirasawa/ros2_ws/build/mypkg/install.log'
[0.916s] Invoked command in '/home/sakutoshirasawa/ros2_ws/src/mypkg' returned '0': PYTHONPATH=/home/sakutoshirasawa/ros2_ws/build/mypkg/prefix_override:/home/sakutoshirasawa/ros2_ws/install/mypkg/lib/python3.10/site-packages:${PYTHONPATH} /usr/bin/python3 setup.py egg_info --egg-base ../../build/mypkg build --build-base /home/sakutoshirasawa/ros2_ws/build/mypkg/build install --record /home/sakutoshirasawa/ros2_ws/build/mypkg/install.log --single-version-externally-managed
