[0.220s] Invoking command in '/home/sakutoshirasawa/ros2_ws/build/person_msgs': CMAKE_PREFIX_PATH=${CMAKE_PREFIX_PATH}:/home/sakutoshirasawa/ros2_ws/install/mypkg:/opt/ros/humble /usr/bin/cmake --build /home/sakutoshirasawa/ros2_ws/build/person_msgs -- -j8 -l8
[0.233s] -- Found ament_cmake: 1.3.5 (/opt/ros/humble/share/ament_cmake/cmake)
[0.331s] -- Found rosidl_default_generators: 1.2.0 (/opt/ros/humble/share/rosidl_default_generators/cmake)
[0.332s] -- Using all available rosidl_typesupport_c: rosidl_typesupport_fastrtps_c;rosidl_typesupport_introspection_c
[0.334s] -- Found rosidl_adapter: 3.1.5 (/opt/ros/humble/share/rosidl_adapter/cmake)
[0.406s] -- Using all available rosidl_typesupport_cpp: rosidl_typesupport_fastrtps_cpp;rosidl_typesupport_introspection_cpp
[0.618s] -- Found ament_cmake_ros: 0.10.0 (/opt/ros/humble/share/ament_cmake_ros/cmake)
[0.741s] -- Using all available rosidl_typesupport_c: rosidl_typesupport_fastrtps_c;rosidl_typesupport_introspection_c
[0.889s] -- Using all available rosidl_typesupport_cpp: rosidl_typesupport_fastrtps_cpp;rosidl_typesupport_introspection_cpp
[0.904s] -- Found python_cmake_module: 0.10.0 (/opt/ros/humble/share/python_cmake_module/cmake)
[0.917s] -- Using PYTHON_EXECUTABLE: /usr/bin/python3
[0.917s] -- Using PYTHON_INCLUDE_DIRS: /usr/include/python3.10
[0.917s] -- Using PYTHON_LIBRARIES: /usr/lib/x86_64-linux-gnu/libpython3.10.so
[0.924s] -- Found ament_lint_auto: 0.12.8 (/opt/ros/humble/share/ament_lint_auto/cmake)
[0.929s] -- Added test 'lint_cmake' to check CMake code style
[0.929s] -- Added test 'xmllint' to check XML markup files
[0.930s] -- Configuring done
[0.949s] -- Generating done
[0.951s] -- Build files have been written to: /home/sakutoshirasawa/ros2_ws/build/person_msgs
[0.967s] [  2%] [34m[1mGenerating C code for ROS interfaces[0m
[0.974s] [  5%] [34m[1mGenerating C++ code for ROS interfaces[0m
[0.980s] [  5%] Built target ament_cmake_python_copy_person_msgs
[1.164s] running egg_info
[1.164s] writing person_msgs.egg-info/PKG-INFO
[1.165s] writing dependency_links to person_msgs.egg-info/dependency_links.txt
[1.165s] writing top-level names to person_msgs.egg-info/top_level.txt
[1.167s] reading manifest file 'person_msgs.egg-info/SOURCES.txt'
[1.168s] writing manifest file 'person_msgs.egg-info/SOURCES.txt'
[1.187s] [  5%] Built target ament_cmake_python_build_person_msgs_egg
[1.256s] [  5%] Built target person_msgs__cpp
[1.256s] [35m[1mConsolidate compiler generated dependencies of target person_msgs__rosidl_generator_c[0m
[1.262s] [ 10%] [34m[1mGenerating C++ type support for eProsima Fast-RTPS[0m
[1.262s] [ 10%] [34m[1mGenerating C++ type support dispatch for ROS interfaces[0m
[1.262s] [ 12%] [34m[1mGenerating C++ introspection for ROS interfaces[0m
[1.265s] [ 15%] [32mBuilding C object CMakeFiles/person_msgs__rosidl_generator_c.dir/rosidl_generator_c/person_msgs/srv/detail/query__functions.c.o[0m
[1.265s] [ 17%] [32mBuilding C object CMakeFiles/person_msgs__rosidl_generator_c.dir/rosidl_generator_c/person_msgs/msg/detail/person__functions.c.o[0m
[1.310s] [ 20%] [32m[1mLinking C shared library libperson_msgs__rosidl_generator_c.so[0m
[1.366s] [ 20%] Built target person_msgs__rosidl_generator_c
[1.373s] [ 23%] [34m[1mGenerating C type support for eProsima Fast-RTPS[0m
[1.373s] [ 25%] [34m[1mGenerating C type support dispatch for ROS interfaces[0m
[1.374s] [ 28%] [34m[1mGenerating C introspection for ROS interfaces[0m
[1.540s] [35m[1mConsolidate compiler generated dependencies of target person_msgs__rosidl_typesupport_cpp[0m
[1.549s] [ 30%] [32mBuilding CXX object CMakeFiles/person_msgs__rosidl_typesupport_cpp.dir/rosidl_typesupport_cpp/person_msgs/srv/query__type_support.cpp.o[0m
[1.550s] [ 33%] [32mBuilding CXX object CMakeFiles/person_msgs__rosidl_typesupport_cpp.dir/rosidl_typesupport_cpp/person_msgs/msg/person__type_support.cpp.o[0m
[1.597s] [35m[1mConsolidate compiler generated dependencies of target person_msgs__rosidl_typesupport_introspection_cpp[0m
[1.607s] [ 35%] [32mBuilding CXX object CMakeFiles/person_msgs__rosidl_typesupport_introspection_cpp.dir/rosidl_typesupport_introspection_cpp/person_msgs/srv/detail/query__type_support.cpp.o[0m
[1.607s] [ 38%] [32mBuilding CXX object CMakeFiles/person_msgs__rosidl_typesupport_introspection_cpp.dir/rosidl_typesupport_introspection_cpp/person_msgs/msg/detail/person__type_support.cpp.o[0m
[1.612s] [35m[1mConsolidate compiler generated dependencies of target person_msgs__rosidl_typesupport_fastrtps_cpp[0m
[1.629s] [ 41%] [32mBuilding CXX object CMakeFiles/person_msgs__rosidl_typesupport_fastrtps_cpp.dir/rosidl_typesupport_fastrtps_cpp/person_msgs/msg/detail/dds_fastrtps/person__type_support.cpp.o[0m
[1.681s] [35m[1mConsolidate compiler generated dependencies of target person_msgs__rosidl_typesupport_c[0m
[1.693s] [ 43%] [32mBuilding CXX object CMakeFiles/person_msgs__rosidl_typesupport_c.dir/rosidl_typesupport_c/person_msgs/msg/person__type_support.cpp.o[0m
[1.724s] [ 46%] [32mBuilding CXX object CMakeFiles/person_msgs__rosidl_typesupport_c.dir/rosidl_typesupport_c/person_msgs/srv/query__type_support.cpp.o[0m
[1.756s] [ 48%] [32m[1mLinking CXX shared library libperson_msgs__rosidl_typesupport_c.so[0m
[1.757s] [35m[1mConsolidate compiler generated dependencies of target person_msgs__rosidl_typesupport_introspection_c[0m
[1.769s] [ 51%] [32mBuilding C object CMakeFiles/person_msgs__rosidl_typesupport_introspection_c.dir/rosidl_typesupport_introspection_c/person_msgs/msg/detail/person__type_support.c.o[0m
[1.771s] [35m[1mConsolidate compiler generated dependencies of target person_msgs__rosidl_typesupport_fastrtps_c[0m
[1.790s] [ 53%] [32mBuilding CXX object CMakeFiles/person_msgs__rosidl_typesupport_fastrtps_c.dir/rosidl_typesupport_fastrtps_c/person_msgs/msg/detail/person__type_support_c.cpp.o[0m
[1.818s] [ 56%] [32mBuilding C object CMakeFiles/person_msgs__rosidl_typesupport_introspection_c.dir/rosidl_typesupport_introspection_c/person_msgs/srv/detail/query__type_support.c.o[0m
[1.841s] [ 56%] Built target person_msgs__rosidl_typesupport_c
[1.854s] [ 58%] [32mBuilding CXX object CMakeFiles/person_msgs__rosidl_typesupport_fastrtps_cpp.dir/rosidl_typesupport_fastrtps_cpp/person_msgs/srv/detail/dds_fastrtps/query__type_support.cpp.o[0m
[1.856s] [ 61%] [32m[1mLinking C shared library libperson_msgs__rosidl_typesupport_introspection_c.so[0m
[1.860s] [ 64%] [32mBuilding CXX object CMakeFiles/person_msgs__rosidl_typesupport_fastrtps_c.dir/rosidl_typesupport_fastrtps_c/person_msgs/srv/detail/query__type_support_c.cpp.o[0m
[1.862s] [ 66%] [32m[1mLinking CXX shared library libperson_msgs__rosidl_typesupport_cpp.so[0m
[1.917s] [ 66%] Built target person_msgs__rosidl_typesupport_introspection_c
[1.931s] [ 66%] Built target person_msgs__rosidl_typesupport_cpp
[2.056s] [ 69%] [32m[1mLinking CXX shared library libperson_msgs__rosidl_typesupport_introspection_cpp.so[0m
[2.137s] [ 69%] Built target person_msgs__rosidl_typesupport_introspection_cpp
[2.173s] [ 71%] [32m[1mLinking CXX shared library libperson_msgs__rosidl_typesupport_fastrtps_c.so[0m
[2.211s] [ 74%] [32m[1mLinking CXX shared library libperson_msgs__rosidl_typesupport_fastrtps_cpp.so[0m
[2.247s] [ 74%] Built target person_msgs__rosidl_typesupport_fastrtps_c
[2.280s] [ 74%] Built target person_msgs__rosidl_typesupport_fastrtps_cpp
[2.291s] [ 74%] Built target person_msgs
[2.302s] [ 76%] [34m[1mGenerating Python code for ROS interfaces[0m
[2.634s] [ 76%] Built target person_msgs__py
[2.639s] [35m[1mConsolidate compiler generated dependencies of target person_msgs__rosidl_generator_py[0m
[2.648s] [ 82%] [32mBuilding C object CMakeFiles/person_msgs__rosidl_generator_py.dir/rosidl_generator_py/person_msgs/msg/_person_s.c.o[0m
[2.648s] [ 82%] [32mBuilding C object CMakeFiles/person_msgs__rosidl_generator_py.dir/rosidl_generator_py/person_msgs/srv/_query_s.c.o[0m
[2.724s] [ 84%] [32m[1mLinking C shared library rosidl_generator_py/person_msgs/libperson_msgs__rosidl_generator_py.so[0m
[2.775s] [ 84%] Built target person_msgs__rosidl_generator_py
[2.781s] [35m[1mConsolidate compiler generated dependencies of target person_msgs__rosidl_typesupport_c__pyext[0m
[2.781s] [35m[1mConsolidate compiler generated dependencies of target person_msgs__rosidl_typesupport_fastrtps_c__pyext[0m
[2.781s] [35m[1mConsolidate compiler generated dependencies of target person_msgs__rosidl_typesupport_introspection_c__pyext[0m
[2.789s] [ 87%] [32mBuilding C object CMakeFiles/person_msgs__rosidl_typesupport_fastrtps_c__pyext.dir/rosidl_generator_py/person_msgs/_person_msgs_s.ep.rosidl_typesupport_fastrtps_c.c.o[0m
[2.789s] [ 89%] [32mBuilding C object CMakeFiles/person_msgs__rosidl_typesupport_introspection_c__pyext.dir/rosidl_generator_py/person_msgs/_person_msgs_s.ep.rosidl_typesupport_introspection_c.c.o[0m
[2.789s] [ 92%] [32mBuilding C object CMakeFiles/person_msgs__rosidl_typesupport_c__pyext.dir/rosidl_generator_py/person_msgs/_person_msgs_s.ep.rosidl_typesupport_c.c.o[0m
[2.858s] [ 94%] [32m[1mLinking C shared library rosidl_generator_py/person_msgs/person_msgs_s__rosidl_typesupport_c.cpython-310-x86_64-linux-gnu.so[0m
[2.862s] [ 97%] [32m[1mLinking C shared library rosidl_generator_py/person_msgs/person_msgs_s__rosidl_typesupport_introspection_c.cpython-310-x86_64-linux-gnu.so[0m
[2.863s] [100%] [32m[1mLinking C shared library rosidl_generator_py/person_msgs/person_msgs_s__rosidl_typesupport_fastrtps_c.cpython-310-x86_64-linux-gnu.so[0m
[2.902s] [100%] Built target person_msgs__rosidl_typesupport_fastrtps_c__pyext
[2.902s] [100%] Built target person_msgs__rosidl_typesupport_introspection_c__pyext
[2.902s] [100%] Built target person_msgs__rosidl_typesupport_c__pyext
[2.909s] Invoked command in '/home/sakutoshirasawa/ros2_ws/build/person_msgs' returned '0': CMAKE_PREFIX_PATH=${CMAKE_PREFIX_PATH}:/home/sakutoshirasawa/ros2_ws/install/mypkg:/opt/ros/humble /usr/bin/cmake --build /home/sakutoshirasawa/ros2_ws/build/person_msgs -- -j8 -l8
[2.968s] Invoking command in '/home/sakutoshirasawa/ros2_ws/build/person_msgs': CMAKE_PREFIX_PATH=${CMAKE_PREFIX_PATH}:/home/sakutoshirasawa/ros2_ws/install/mypkg:/opt/ros/humble /usr/bin/cmake --install /home/sakutoshirasawa/ros2_ws/build/person_msgs
[2.973s] -- Install configuration: ""
[2.974s] -- Installing: /home/sakutoshirasawa/ros2_ws/install/person_msgs/share/ament_index/resource_index/rosidl_interfaces/person_msgs
[2.974s] -- Up-to-date: /home/sakutoshirasawa/ros2_ws/install/person_msgs/include/person_msgs/person_msgs
[2.974s] -- Installing: /home/sakutoshirasawa/ros2_ws/install/person_msgs/include/person_msgs/person_msgs/srv
[2.974s] -- Installing: /home/sakutoshirasawa/ros2_ws/install/person_msgs/include/person_msgs/person_msgs/srv/query.h
[2.974s] -- Installing: /home/sakutoshirasawa/ros2_ws/install/person_msgs/include/person_msgs/person_msgs/srv/detail
[2.974s] -- Installing: /home/sakutoshirasawa/ros2_ws/install/person_msgs/include/person_msgs/person_msgs/srv/detail/query__functions.c
[2.974s] -- Installing: /home/sakutoshirasawa/ros2_ws/install/person_msgs/include/person_msgs/person_msgs/srv/detail/query__type_support.h
[2.974s] -- Installing: /home/sakutoshirasawa/ros2_ws/install/person_msgs/include/person_msgs/person_msgs/srv/detail/query__functions.h
[2.975s] -- Installing: /home/sakutoshirasawa/ros2_ws/install/person_msgs/include/person_msgs/person_msgs/srv/detail/query__struct.h
[2.975s] -- Up-to-date: /home/sakutoshirasawa/ros2_ws/install/person_msgs/include/person_msgs/person_msgs/msg
[2.975s] -- Installing: /home/sakutoshirasawa/ros2_ws/install/person_msgs/include/person_msgs/person_msgs/msg/person.h
[2.975s] -- Up-to-date: /home/sakutoshirasawa/ros2_ws/install/person_msgs/include/person_msgs/person_msgs/msg/rosidl_generator_c__visibility_control.h
[2.975s] -- Up-to-date: /home/sakutoshirasawa/ros2_ws/install/person_msgs/include/person_msgs/person_msgs/msg/detail
[2.975s] -- Installing: /home/sakutoshirasawa/ros2_ws/install/person_msgs/include/person_msgs/person_msgs/msg/detail/person__functions.c
[2.975s] -- Installing: /home/sakutoshirasawa/ros2_ws/install/person_msgs/include/person_msgs/person_msgs/msg/detail/person__type_support.h
[2.975s] -- Installing: /home/sakutoshirasawa/ros2_ws/install/person_msgs/include/person_msgs/person_msgs/msg/detail/person__functions.h
[2.975s] -- Installing: /home/sakutoshirasawa/ros2_ws/install/person_msgs/include/person_msgs/person_msgs/msg/detail/person__struct.h
[2.976s] -- Up-to-date: /home/sakutoshirasawa/ros2_ws/install/person_msgs/share/person_msgs/environment/library_path.sh
[2.976s] -- Installing: /home/sakutoshirasawa/ros2_ws/install/person_msgs/share/person_msgs/environment/library_path.dsv
[2.976s] -- Installing: /home/sakutoshirasawa/ros2_ws/install/person_msgs/lib/libperson_msgs__rosidl_generator_c.so
[2.976s] -- Set runtime path of "/home/sakutoshirasawa/ros2_ws/install/person_msgs/lib/libperson_msgs__rosidl_generator_c.so" to ""
[2.976s] -- Up-to-date: /home/sakutoshirasawa/ros2_ws/install/person_msgs/include/person_msgs/person_msgs
[2.976s] -- Up-to-date: /home/sakutoshirasawa/ros2_ws/install/person_msgs/include/person_msgs/person_msgs/srv
[2.976s] -- Up-to-date: /home/sakutoshirasawa/ros2_ws/install/person_msgs/include/person_msgs/person_msgs/srv/detail
[2.976s] -- Installing: /home/sakutoshirasawa/ros2_ws/install/person_msgs/include/person_msgs/person_msgs/srv/detail/query__rosidl_typesupport_fastrtps_c.h
[2.976s] -- Up-to-date: /home/sakutoshirasawa/ros2_ws/install/person_msgs/include/person_msgs/person_msgs/msg
[2.977s] -- Up-to-date: /home/sakutoshirasawa/ros2_ws/install/person_msgs/include/person_msgs/person_msgs/msg/rosidl_typesupport_fastrtps_c__visibility_control.h
[2.977s] -- Up-to-date: /home/sakutoshirasawa/ros2_ws/install/person_msgs/include/person_msgs/person_msgs/msg/detail
[2.977s] -- Installing: /home/sakutoshirasawa/ros2_ws/install/person_msgs/include/person_msgs/person_msgs/msg/detail/person__rosidl_typesupport_fastrtps_c.h
[2.977s] -- Installing: /home/sakutoshirasawa/ros2_ws/install/person_msgs/lib/libperson_msgs__rosidl_typesupport_fastrtps_c.so
[2.977s] -- Set runtime path of "/home/sakutoshirasawa/ros2_ws/install/person_msgs/lib/libperson_msgs__rosidl_typesupport_fastrtps_c.so" to ""
[2.977s] -- Up-to-date: /home/sakutoshirasawa/ros2_ws/install/person_msgs/include/person_msgs/person_msgs
[2.977s] -- Up-to-date: /home/sakutoshirasawa/ros2_ws/install/person_msgs/include/person_msgs/person_msgs/srv
[2.977s] -- Up-to-date: /home/sakutoshirasawa/ros2_ws/install/person_msgs/include/person_msgs/person_msgs/srv/detail
[2.978s] -- Installing: /home/sakutoshirasawa/ros2_ws/install/person_msgs/include/person_msgs/person_msgs/srv/detail/query__type_support.c
[2.978s] -- Installing: /home/sakutoshirasawa/ros2_ws/install/person_msgs/include/person_msgs/person_msgs/srv/detail/query__rosidl_typesupport_introspection_c.h
[2.978s] -- Up-to-date: /home/sakutoshirasawa/ros2_ws/install/person_msgs/include/person_msgs/person_msgs/msg
[2.978s] -- Up-to-date: /home/sakutoshirasawa/ros2_ws/install/person_msgs/include/person_msgs/person_msgs/msg/rosidl_typesupport_introspection_c__visibility_control.h
[2.978s] -- Up-to-date: /home/sakutoshirasawa/ros2_ws/install/person_msgs/include/person_msgs/person_msgs/msg/detail
[2.978s] -- Installing: /home/sakutoshirasawa/ros2_ws/install/person_msgs/include/person_msgs/person_msgs/msg/detail/person__type_support.c
[2.978s] -- Installing: /home/sakutoshirasawa/ros2_ws/install/person_msgs/include/person_msgs/person_msgs/msg/detail/person__rosidl_typesupport_introspection_c.h
[2.978s] -- Installing: /home/sakutoshirasawa/ros2_ws/install/person_msgs/lib/libperson_msgs__rosidl_typesupport_introspection_c.so
[2.978s] -- Set runtime path of "/home/sakutoshirasawa/ros2_ws/install/person_msgs/lib/libperson_msgs__rosidl_typesupport_introspection_c.so" to ""
[2.978s] -- Installing: /home/sakutoshirasawa/ros2_ws/install/person_msgs/lib/libperson_msgs__rosidl_typesupport_c.so
[2.978s] -- Set runtime path of "/home/sakutoshirasawa/ros2_ws/install/person_msgs/lib/libperson_msgs__rosidl_typesupport_c.so" to ""
[2.979s] -- Up-to-date: /home/sakutoshirasawa/ros2_ws/install/person_msgs/include/person_msgs/person_msgs
[2.979s] -- Up-to-date: /home/sakutoshirasawa/ros2_ws/install/person_msgs/include/person_msgs/person_msgs/srv
[2.979s] -- Installing: /home/sakutoshirasawa/ros2_ws/install/person_msgs/include/person_msgs/person_msgs/srv/query.hpp
[2.979s] -- Up-to-date: /home/sakutoshirasawa/ros2_ws/install/person_msgs/include/person_msgs/person_msgs/srv/detail
[2.979s] -- Installing: /home/sakutoshirasawa/ros2_ws/install/person_msgs/include/person_msgs/person_msgs/srv/detail/query__builder.hpp
[2.979s] -- Installing: /home/sakutoshirasawa/ros2_ws/install/person_msgs/include/person_msgs/person_msgs/srv/detail/query__struct.hpp
[2.979s] -- Installing: /home/sakutoshirasawa/ros2_ws/install/person_msgs/include/person_msgs/person_msgs/srv/detail/query__traits.hpp
[2.979s] -- Up-to-date: /home/sakutoshirasawa/ros2_ws/install/person_msgs/include/person_msgs/person_msgs/msg
[2.979s] -- Installing: /home/sakutoshirasawa/ros2_ws/install/person_msgs/include/person_msgs/person_msgs/msg/person.hpp
[2.979s] -- Up-to-date: /home/sakutoshirasawa/ros2_ws/install/person_msgs/include/person_msgs/person_msgs/msg/detail
[2.980s] -- Installing: /home/sakutoshirasawa/ros2_ws/install/person_msgs/include/person_msgs/person_msgs/msg/detail/person__builder.hpp
[2.980s] -- Installing: /home/sakutoshirasawa/ros2_ws/install/person_msgs/include/person_msgs/person_msgs/msg/detail/person__traits.hpp
[2.980s] -- Installing: /home/sakutoshirasawa/ros2_ws/install/person_msgs/include/person_msgs/person_msgs/msg/detail/person__struct.hpp
[2.980s] -- Up-to-date: /home/sakutoshirasawa/ros2_ws/install/person_msgs/include/person_msgs/person_msgs
[2.980s] -- Up-to-date: /home/sakutoshirasawa/ros2_ws/install/person_msgs/include/person_msgs/person_msgs/srv
[2.980s] -- Up-to-date: /home/sakutoshirasawa/ros2_ws/install/person_msgs/include/person_msgs/person_msgs/srv/detail
[2.980s] -- Installing: /home/sakutoshirasawa/ros2_ws/install/person_msgs/include/person_msgs/person_msgs/srv/detail/dds_fastrtps
[2.980s] -- Installing: /home/sakutoshirasawa/ros2_ws/install/person_msgs/include/person_msgs/person_msgs/srv/detail/query__rosidl_typesupport_fastrtps_cpp.hpp
[2.981s] -- Up-to-date: /home/sakutoshirasawa/ros2_ws/install/person_msgs/include/person_msgs/person_msgs/msg
[2.981s] -- Up-to-date: /home/sakutoshirasawa/ros2_ws/install/person_msgs/include/person_msgs/person_msgs/msg/rosidl_typesupport_fastrtps_cpp__visibility_control.h
[2.981s] -- Up-to-date: /home/sakutoshirasawa/ros2_ws/install/person_msgs/include/person_msgs/person_msgs/msg/detail
[2.981s] -- Up-to-date: /home/sakutoshirasawa/ros2_ws/install/person_msgs/include/person_msgs/person_msgs/msg/detail/dds_fastrtps
[2.981s] -- Installing: /home/sakutoshirasawa/ros2_ws/install/person_msgs/include/person_msgs/person_msgs/msg/detail/person__rosidl_typesupport_fastrtps_cpp.hpp
[2.981s] -- Installing: /home/sakutoshirasawa/ros2_ws/install/person_msgs/lib/libperson_msgs__rosidl_typesupport_fastrtps_cpp.so
[2.981s] -- Set runtime path of "/home/sakutoshirasawa/ros2_ws/install/person_msgs/lib/libperson_msgs__rosidl_typesupport_fastrtps_cpp.so" to ""
[2.981s] -- Up-to-date: /home/sakutoshirasawa/ros2_ws/install/person_msgs/include/person_msgs/person_msgs
[2.981s] -- Up-to-date: /home/sakutoshirasawa/ros2_ws/install/person_msgs/include/person_msgs/person_msgs/srv
[2.981s] -- Up-to-date: /home/sakutoshirasawa/ros2_ws/install/person_msgs/include/person_msgs/person_msgs/srv/detail
[2.981s] -- Installing: /home/sakutoshirasawa/ros2_ws/install/person_msgs/include/person_msgs/person_msgs/srv/detail/query__type_support.cpp
[2.981s] -- Installing: /home/sakutoshirasawa/ros2_ws/install/person_msgs/include/person_msgs/person_msgs/srv/detail/query__rosidl_typesupport_introspection_cpp.hpp
[2.981s] -- Up-to-date: /home/sakutoshirasawa/ros2_ws/install/person_msgs/include/person_msgs/person_msgs/msg
[2.981s] -- Up-to-date: /home/sakutoshirasawa/ros2_ws/install/person_msgs/include/person_msgs/person_msgs/msg/detail
[2.981s] -- Installing: /home/sakutoshirasawa/ros2_ws/install/person_msgs/include/person_msgs/person_msgs/msg/detail/person__rosidl_typesupport_introspection_cpp.hpp
[2.982s] -- Installing: /home/sakutoshirasawa/ros2_ws/install/person_msgs/include/person_msgs/person_msgs/msg/detail/person__type_support.cpp
[2.982s] -- Installing: /home/sakutoshirasawa/ros2_ws/install/person_msgs/lib/libperson_msgs__rosidl_typesupport_introspection_cpp.so
[2.982s] -- Set runtime path of "/home/sakutoshirasawa/ros2_ws/install/person_msgs/lib/libperson_msgs__rosidl_typesupport_introspection_cpp.so" to ""
[2.982s] -- Installing: /home/sakutoshirasawa/ros2_ws/install/person_msgs/lib/libperson_msgs__rosidl_typesupport_cpp.so
[2.982s] -- Set runtime path of "/home/sakutoshirasawa/ros2_ws/install/person_msgs/lib/libperson_msgs__rosidl_typesupport_cpp.so" to ""
[2.982s] -- Up-to-date: /home/sakutoshirasawa/ros2_ws/install/person_msgs/share/person_msgs/environment/pythonpath.sh
[2.982s] -- Installing: /home/sakutoshirasawa/ros2_ws/install/person_msgs/share/person_msgs/environment/pythonpath.dsv
[2.982s] -- Up-to-date: /home/sakutoshirasawa/ros2_ws/install/person_msgs/local/lib/python3.10/dist-packages/person_msgs-0.0.0-py3.10.egg-info
[2.982s] -- Installing: /home/sakutoshirasawa/ros2_ws/install/person_msgs/local/lib/python3.10/dist-packages/person_msgs-0.0.0-py3.10.egg-info/top_level.txt
[2.983s] -- Installing: /home/sakutoshirasawa/ros2_ws/install/person_msgs/local/lib/python3.10/dist-packages/person_msgs-0.0.0-py3.10.egg-info/dependency_links.txt
[2.983s] -- Installing: /home/sakutoshirasawa/ros2_ws/install/person_msgs/local/lib/python3.10/dist-packages/person_msgs-0.0.0-py3.10.egg-info/SOURCES.txt
[2.983s] -- Installing: /home/sakutoshirasawa/ros2_ws/install/person_msgs/local/lib/python3.10/dist-packages/person_msgs-0.0.0-py3.10.egg-info/PKG-INFO
[2.983s] -- Up-to-date: /home/sakutoshirasawa/ros2_ws/install/person_msgs/local/lib/python3.10/dist-packages/person_msgs
[2.983s] -- Installing: /home/sakutoshirasawa/ros2_ws/install/person_msgs/local/lib/python3.10/dist-packages/person_msgs/srv
[2.983s] -- Installing: /home/sakutoshirasawa/ros2_ws/install/person_msgs/local/lib/python3.10/dist-packages/person_msgs/srv/_query_s.c
[2.983s] -- Installing: /home/sakutoshirasawa/ros2_ws/install/person_msgs/local/lib/python3.10/dist-packages/person_msgs/srv/_query.py
[2.983s] -- Installing: /home/sakutoshirasawa/ros2_ws/install/person_msgs/local/lib/python3.10/dist-packages/person_msgs/srv/__init__.py
[2.983s] -- Installing: /home/sakutoshirasawa/ros2_ws/install/person_msgs/local/lib/python3.10/dist-packages/person_msgs/libperson_msgs__rosidl_generator_py.so
[2.984s] -- Installing: /home/sakutoshirasawa/ros2_ws/install/person_msgs/local/lib/python3.10/dist-packages/person_msgs/_person_msgs_s.ep.rosidl_typesupport_introspection_c.c
[2.984s] -- Installing: /home/sakutoshirasawa/ros2_ws/install/person_msgs/local/lib/python3.10/dist-packages/person_msgs/_person_msgs_s.ep.rosidl_typesupport_c.c
[2.984s] -- Installing: /home/sakutoshirasawa/ros2_ws/install/person_msgs/local/lib/python3.10/dist-packages/person_msgs/person_msgs_s__rosidl_typesupport_fastrtps_c.cpython-310-x86_64-linux-gnu.so
[2.984s] -- Up-to-date: /home/sakutoshirasawa/ros2_ws/install/person_msgs/local/lib/python3.10/dist-packages/person_msgs/msg
[2.984s] -- Installing: /home/sakutoshirasawa/ros2_ws/install/person_msgs/local/lib/python3.10/dist-packages/person_msgs/msg/_person.py
[2.984s] -- Installing: /home/sakutoshirasawa/ros2_ws/install/person_msgs/local/lib/python3.10/dist-packages/person_msgs/msg/_person_s.c
[2.984s] -- Installing: /home/sakutoshirasawa/ros2_ws/install/person_msgs/local/lib/python3.10/dist-packages/person_msgs/msg/__init__.py
[2.984s] -- Installing: /home/sakutoshirasawa/ros2_ws/install/person_msgs/local/lib/python3.10/dist-packages/person_msgs/person_msgs_s__rosidl_typesupport_introspection_c.cpython-310-x86_64-linux-gnu.so
[2.984s] -- Installing: /home/sakutoshirasawa/ros2_ws/install/person_msgs/local/lib/python3.10/dist-packages/person_msgs/person_msgs_s__rosidl_typesupport_c.cpython-310-x86_64-linux-gnu.so
[2.984s] -- Installing: /home/sakutoshirasawa/ros2_ws/install/person_msgs/local/lib/python3.10/dist-packages/person_msgs/_person_msgs_s.ep.rosidl_typesupport_fastrtps_c.c
[2.984s] -- Installing: /home/sakutoshirasawa/ros2_ws/install/person_msgs/local/lib/python3.10/dist-packages/person_msgs/__init__.py
[3.006s] Listing '/home/sakutoshirasawa/ros2_ws/install/person_msgs/local/lib/python3.10/dist-packages/person_msgs'...
[3.006s] Compiling '/home/sakutoshirasawa/ros2_ws/install/person_msgs/local/lib/python3.10/dist-packages/person_msgs/__init__.py'...
[3.006s] Listing '/home/sakutoshirasawa/ros2_ws/install/person_msgs/local/lib/python3.10/dist-packages/person_msgs/msg'...
[3.006s] Compiling '/home/sakutoshirasawa/ros2_ws/install/person_msgs/local/lib/python3.10/dist-packages/person_msgs/msg/__init__.py'...
[3.006s] Compiling '/home/sakutoshirasawa/ros2_ws/install/person_msgs/local/lib/python3.10/dist-packages/person_msgs/msg/_person.py'...
[3.006s] Listing '/home/sakutoshirasawa/ros2_ws/install/person_msgs/local/lib/python3.10/dist-packages/person_msgs/srv'...
[3.006s] Compiling '/home/sakutoshirasawa/ros2_ws/install/person_msgs/local/lib/python3.10/dist-packages/person_msgs/srv/__init__.py'...
[3.006s] Compiling '/home/sakutoshirasawa/ros2_ws/install/person_msgs/local/lib/python3.10/dist-packages/person_msgs/srv/_query.py'...
[3.009s] -- Installing: /home/sakutoshirasawa/ros2_ws/install/person_msgs/local/lib/python3.10/dist-packages/person_msgs/person_msgs_s__rosidl_typesupport_fastrtps_c.cpython-310-x86_64-linux-gnu.so
[3.009s] -- Set runtime path of "/home/sakutoshirasawa/ros2_ws/install/person_msgs/local/lib/python3.10/dist-packages/person_msgs/person_msgs_s__rosidl_typesupport_fastrtps_c.cpython-310-x86_64-linux-gnu.so" to ""
[3.010s] -- Installing: /home/sakutoshirasawa/ros2_ws/install/person_msgs/local/lib/python3.10/dist-packages/person_msgs/person_msgs_s__rosidl_typesupport_introspection_c.cpython-310-x86_64-linux-gnu.so
[3.010s] -- Set runtime path of "/home/sakutoshirasawa/ros2_ws/install/person_msgs/local/lib/python3.10/dist-packages/person_msgs/person_msgs_s__rosidl_typesupport_introspection_c.cpython-310-x86_64-linux-gnu.so" to ""
[3.010s] -- Installing: /home/sakutoshirasawa/ros2_ws/install/person_msgs/local/lib/python3.10/dist-packages/person_msgs/person_msgs_s__rosidl_typesupport_c.cpython-310-x86_64-linux-gnu.so
[3.010s] -- Set runtime path of "/home/sakutoshirasawa/ros2_ws/install/person_msgs/local/lib/python3.10/dist-packages/person_msgs/person_msgs_s__rosidl_typesupport_c.cpython-310-x86_64-linux-gnu.so" to ""
[3.010s] -- Installing: /home/sakutoshirasawa/ros2_ws/install/person_msgs/lib/libperson_msgs__rosidl_generator_py.so
[3.010s] -- Set runtime path of "/home/sakutoshirasawa/ros2_ws/install/person_msgs/lib/libperson_msgs__rosidl_generator_py.so" to ""
[3.010s] -- Up-to-date: /home/sakutoshirasawa/ros2_ws/install/person_msgs/share/person_msgs/msg/Person.idl
[3.011s] -- Installing: /home/sakutoshirasawa/ros2_ws/install/person_msgs/share/person_msgs/srv/Query.idl
[3.011s] -- Up-to-date: /home/sakutoshirasawa/ros2_ws/install/person_msgs/share/person_msgs/msg/Person.msg
[3.011s] -- Installing: /home/sakutoshirasawa/ros2_ws/install/person_msgs/share/person_msgs/srv/Query.srv
[3.011s] -- Installing: /home/sakutoshirasawa/ros2_ws/install/person_msgs/share/person_msgs/srv/Query_Request.msg
[3.011s] -- Installing: /home/sakutoshirasawa/ros2_ws/install/person_msgs/share/person_msgs/srv/Query_Response.msg
[3.011s] -- Up-to-date: /home/sakutoshirasawa/ros2_ws/install/person_msgs/share/ament_index/resource_index/package_run_dependencies/person_msgs
[3.011s] -- Installing: /home/sakutoshirasawa/ros2_ws/install/person_msgs/share/ament_index/resource_index/parent_prefix_path/person_msgs
[3.011s] -- Up-to-date: /home/sakutoshirasawa/ros2_ws/install/person_msgs/share/person_msgs/environment/ament_prefix_path.sh
[3.012s] -- Installing: /home/sakutoshirasawa/ros2_ws/install/person_msgs/share/person_msgs/environment/ament_prefix_path.dsv
[3.012s] -- Up-to-date: /home/sakutoshirasawa/ros2_ws/install/person_msgs/share/person_msgs/environment/path.sh
[3.012s] -- Installing: /home/sakutoshirasawa/ros2_ws/install/person_msgs/share/person_msgs/environment/path.dsv
[3.012s] -- Up-to-date: /home/sakutoshirasawa/ros2_ws/install/person_msgs/share/person_msgs/local_setup.bash
[3.012s] -- Up-to-date: /home/sakutoshirasawa/ros2_ws/install/person_msgs/share/person_msgs/local_setup.sh
[3.012s] -- Up-to-date: /home/sakutoshirasawa/ros2_ws/install/person_msgs/share/person_msgs/local_setup.zsh
[3.012s] -- Installing: /home/sakutoshirasawa/ros2_ws/install/person_msgs/share/person_msgs/local_setup.dsv
[3.012s] -- Installing: /home/sakutoshirasawa/ros2_ws/install/person_msgs/share/person_msgs/package.dsv
[3.012s] -- Up-to-date: /home/sakutoshirasawa/ros2_ws/install/person_msgs/share/ament_index/resource_index/packages/person_msgs
[3.013s] -- Up-to-date: /home/sakutoshirasawa/ros2_ws/install/person_msgs/share/person_msgs/cmake/export_person_msgs__rosidl_generator_cExport.cmake
[3.013s] -- Up-to-date: /home/sakutoshirasawa/ros2_ws/install/person_msgs/share/person_msgs/cmake/export_person_msgs__rosidl_generator_cExport-noconfig.cmake
[3.013s] -- Up-to-date: /home/sakutoshirasawa/ros2_ws/install/person_msgs/share/person_msgs/cmake/export_person_msgs__rosidl_typesupport_fastrtps_cExport.cmake
[3.013s] -- Up-to-date: /home/sakutoshirasawa/ros2_ws/install/person_msgs/share/person_msgs/cmake/export_person_msgs__rosidl_typesupport_fastrtps_cExport-noconfig.cmake
[3.013s] -- Up-to-date: /home/sakutoshirasawa/ros2_ws/install/person_msgs/share/person_msgs/cmake/person_msgs__rosidl_typesupport_introspection_cExport.cmake
[3.013s] -- Up-to-date: /home/sakutoshirasawa/ros2_ws/install/person_msgs/share/person_msgs/cmake/person_msgs__rosidl_typesupport_introspection_cExport-noconfig.cmake
[3.013s] -- Up-to-date: /home/sakutoshirasawa/ros2_ws/install/person_msgs/share/person_msgs/cmake/person_msgs__rosidl_typesupport_cExport.cmake
[3.013s] -- Up-to-date: /home/sakutoshirasawa/ros2_ws/install/person_msgs/share/person_msgs/cmake/person_msgs__rosidl_typesupport_cExport-noconfig.cmake
[3.013s] -- Up-to-date: /home/sakutoshirasawa/ros2_ws/install/person_msgs/share/person_msgs/cmake/export_person_msgs__rosidl_generator_cppExport.cmake
[3.013s] -- Up-to-date: /home/sakutoshirasawa/ros2_ws/install/person_msgs/share/person_msgs/cmake/export_person_msgs__rosidl_typesupport_fastrtps_cppExport.cmake
[3.014s] -- Up-to-date: /home/sakutoshirasawa/ros2_ws/install/person_msgs/share/person_msgs/cmake/export_person_msgs__rosidl_typesupport_fastrtps_cppExport-noconfig.cmake
[3.014s] -- Up-to-date: /home/sakutoshirasawa/ros2_ws/install/person_msgs/share/person_msgs/cmake/person_msgs__rosidl_typesupport_introspection_cppExport.cmake
[3.014s] -- Up-to-date: /home/sakutoshirasawa/ros2_ws/install/person_msgs/share/person_msgs/cmake/person_msgs__rosidl_typesupport_introspection_cppExport-noconfig.cmake
[3.015s] -- Up-to-date: /home/sakutoshirasawa/ros2_ws/install/person_msgs/share/person_msgs/cmake/person_msgs__rosidl_typesupport_cppExport.cmake
[3.015s] -- Up-to-date: /home/sakutoshirasawa/ros2_ws/install/person_msgs/share/person_msgs/cmake/person_msgs__rosidl_typesupport_cppExport-noconfig.cmake
[3.015s] -- Up-to-date: /home/sakutoshirasawa/ros2_ws/install/person_msgs/share/person_msgs/cmake/export_person_msgs__rosidl_generator_pyExport.cmake
[3.015s] -- Up-to-date: /home/sakutoshirasawa/ros2_ws/install/person_msgs/share/person_msgs/cmake/export_person_msgs__rosidl_generator_pyExport-noconfig.cmake
[3.016s] -- Installing: /home/sakutoshirasawa/ros2_ws/install/person_msgs/share/person_msgs/cmake/rosidl_cmake-extras.cmake
[3.016s] -- Up-to-date: /home/sakutoshirasawa/ros2_ws/install/person_msgs/share/person_msgs/cmake/ament_cmake_export_include_directories-extras.cmake
[3.016s] -- Up-to-date: /home/sakutoshirasawa/ros2_ws/install/person_msgs/share/person_msgs/cmake/ament_cmake_export_libraries-extras.cmake
[3.016s] -- Up-to-date: /home/sakutoshirasawa/ros2_ws/install/person_msgs/share/person_msgs/cmake/ament_cmake_export_targets-extras.cmake
[3.016s] -- Up-to-date: /home/sakutoshirasawa/ros2_ws/install/person_msgs/share/person_msgs/cmake/rosidl_cmake_export_typesupport_targets-extras.cmake
[3.016s] -- Up-to-date: /home/sakutoshirasawa/ros2_ws/install/person_msgs/share/person_msgs/cmake/ament_cmake_export_dependencies-extras.cmake
[3.016s] -- Up-to-date: /home/sakutoshirasawa/ros2_ws/install/person_msgs/share/person_msgs/cmake/rosidl_cmake_export_typesupport_libraries-extras.cmake
[3.016s] -- Up-to-date: /home/sakutoshirasawa/ros2_ws/install/person_msgs/share/person_msgs/cmake/person_msgsConfig.cmake
[3.016s] -- Up-to-date: /home/sakutoshirasawa/ros2_ws/install/person_msgs/share/person_msgs/cmake/person_msgsConfig-version.cmake
[3.017s] -- Up-to-date: /home/sakutoshirasawa/ros2_ws/install/person_msgs/share/person_msgs/package.xml
[3.017s] Invoked command in '/home/sakutoshirasawa/ros2_ws/build/person_msgs' returned '0': CMAKE_PREFIX_PATH=${CMAKE_PREFIX_PATH}:/home/sakutoshirasawa/ros2_ws/install/mypkg:/opt/ros/humble /usr/bin/cmake --install /home/sakutoshirasawa/ros2_ws/build/person_msgs
