[0.787s] Invoking command in '/home/sakutoshirasawa/ros2_ws/src/mypkg': PYTHONPATH=/home/sakutoshirasawa/ros2_ws/build/mypkg/prefix_override:/home/sakutoshirasawa/ros2_ws/install/mypkg/lib/python3.10/site-packages:${PYTHONPATH} /usr/bin/python3 setup.py egg_info --egg-base ../../build/mypkg build --build-base /home/sakutoshirasawa/ros2_ws/build/mypkg/build install --record /home/sakutoshirasawa/ros2_ws/build/mypkg/install.log --single-version-externally-managed
[0.999s] running egg_info
[1.000s] creating ../../build/mypkg/mypkg.egg-info
[1.000s] writing ../../build/mypkg/mypkg.egg-info/PKG-INFO
[1.000s] writing dependency_links to ../../build/mypkg/mypkg.egg-info/dependency_links.txt
[1.001s] writing entry points to ../../build/mypkg/mypkg.egg-info/entry_points.txt
[1.001s] writing requirements to ../../build/mypkg/mypkg.egg-info/requires.txt
[1.001s] writing top-level names to ../../build/mypkg/mypkg.egg-info/top_level.txt
[1.001s] writing manifest file '../../build/mypkg/mypkg.egg-info/SOURCES.txt'
[1.002s] reading manifest file '../../build/mypkg/mypkg.egg-info/SOURCES.txt'
[1.003s] writing manifest file '../../build/mypkg/mypkg.egg-info/SOURCES.txt'
[1.036s] running build
[1.037s] running build_py
[1.037s] creating /home/sakutoshirasawa/ros2_ws/build/mypkg/build
[1.038s] creating /home/sakutoshirasawa/ros2_ws/build/mypkg/build/lib
[1.038s] creating /home/sakutoshirasawa/ros2_ws/build/mypkg/build/lib/mypkg
[1.038s] copying mypkg/__init__.py -> /home/sakutoshirasawa/ros2_ws/build/mypkg/build/lib/mypkg
[1.038s] running install
[1.041s] /usr/lib/python3/dist-packages/setuptools/command/install.py:34: SetuptoolsDeprecationWarning: setup.py install is deprecated. Use build and pip and other standards-based tools.
[1.041s]   warnings.warn(
[1.042s] running install_lib
[1.044s] creating /home/sakutoshirasawa/ros2_ws/install/mypkg/lib/python3.10/site-packages/mypkg
[1.044s] copying /home/sakutoshirasawa/ros2_ws/build/mypkg/build/lib/mypkg/__init__.py -> /home/sakutoshirasawa/ros2_ws/install/mypkg/lib/python3.10/site-packages/mypkg
[1.045s] byte-compiling /home/sakutoshirasawa/ros2_ws/install/mypkg/lib/python3.10/site-packages/mypkg/__init__.py to __init__.cpython-310.pyc
[1.046s] running install_data
[1.047s] creating /home/sakutoshirasawa/ros2_ws/install/mypkg/share/ament_index
[1.047s] creating /home/sakutoshirasawa/ros2_ws/install/mypkg/share/ament_index/resource_index
[1.048s] creating /home/sakutoshirasawa/ros2_ws/install/mypkg/share/ament_index/resource_index/packages
[1.048s] copying resource/mypkg -> /home/sakutoshirasawa/ros2_ws/install/mypkg/share/ament_index/resource_index/packages
[1.048s] copying package.xml -> /home/sakutoshirasawa/ros2_ws/install/mypkg/share/mypkg
[1.048s] running install_egg_info
[1.052s] Copying ../../build/mypkg/mypkg.egg-info to /home/sakutoshirasawa/ros2_ws/install/mypkg/lib/python3.10/site-packages/mypkg-0.0.0-py3.10.egg-info
[1.053s] running install_scripts
[1.082s] writing list of installed files to '/home/sakutoshirasawa/ros2_ws/build/mypkg/install.log'
[1.109s] Invoked command in '/home/sakutoshirasawa/ros2_ws/src/mypkg' returned '0': PYTHONPATH=/home/sakutoshirasawa/ros2_ws/build/mypkg/prefix_override:/home/sakutoshirasawa/ros2_ws/install/mypkg/lib/python3.10/site-packages:${PYTHONPATH} /usr/bin/python3 setup.py egg_info --egg-base ../../build/mypkg build --build-base /home/sakutoshirasawa/ros2_ws/build/mypkg/build install --record /home/sakutoshirasawa/ros2_ws/build/mypkg/install.log --single-version-externally-managed
