[0.419s] Invoking command in '/home/sakutoshirasawa/robosys2023_2/ros2_ws/src/mypkg': PYTHONPATH=/home/sakutoshirasawa/robosys2023_2/ros2_ws/src/mypkg/build/mypkg/prefix_override:/home/sakutoshirasawa/robosys2023_2/ros2_ws/src/mypkg/install/mypkg/lib/python3.10/site-packages:${PYTHONPATH} /usr/bin/python3 setup.py egg_info --egg-base build/mypkg build --build-base /home/sakutoshirasawa/robosys2023_2/ros2_ws/src/mypkg/build/mypkg/build install --record /home/sakutoshirasawa/robosys2023_2/ros2_ws/src/mypkg/build/mypkg/install.log --single-version-externally-managed
[0.560s] running egg_info
[0.560s] writing build/mypkg/mypkg.egg-info/PKG-INFO
[0.560s] writing dependency_links to build/mypkg/mypkg.egg-info/dependency_links.txt
[0.561s] writing entry points to build/mypkg/mypkg.egg-info/entry_points.txt
[0.561s] writing requirements to build/mypkg/mypkg.egg-info/requires.txt
[0.561s] writing top-level names to build/mypkg/mypkg.egg-info/top_level.txt
[0.562s] reading manifest file 'build/mypkg/mypkg.egg-info/SOURCES.txt'
[0.563s] writing manifest file 'build/mypkg/mypkg.egg-info/SOURCES.txt'
[0.563s] running build
[0.563s] running build_py
[0.563s] copying mypkg/talker.py -> /home/sakutoshirasawa/robosys2023_2/ros2_ws/src/mypkg/build/mypkg/build/lib/mypkg
[0.563s] copying mypkg/listener.py -> /home/sakutoshirasawa/robosys2023_2/ros2_ws/src/mypkg/build/mypkg/build/lib/mypkg
[0.563s] running install
[0.563s] /usr/lib/python3/dist-packages/setuptools/command/install.py:34: SetuptoolsDeprecationWarning: setup.py install is deprecated. Use build and pip and other standards-based tools.
[0.563s]   warnings.warn(
[0.564s] running install_lib
[0.564s] copying /home/sakutoshirasawa/robosys2023_2/ros2_ws/src/mypkg/build/mypkg/build/lib/mypkg/talker.py -> /home/sakutoshirasawa/robosys2023_2/ros2_ws/src/mypkg/install/mypkg/lib/python3.10/site-packages/mypkg
[0.564s] copying /home/sakutoshirasawa/robosys2023_2/ros2_ws/src/mypkg/build/mypkg/build/lib/mypkg/listener.py -> /home/sakutoshirasawa/robosys2023_2/ros2_ws/src/mypkg/install/mypkg/lib/python3.10/site-packages/mypkg
[0.565s] byte-compiling /home/sakutoshirasawa/robosys2023_2/ros2_ws/src/mypkg/install/mypkg/lib/python3.10/site-packages/mypkg/talker.py to talker.cpython-310.pyc
[0.565s] byte-compiling /home/sakutoshirasawa/robosys2023_2/ros2_ws/src/mypkg/install/mypkg/lib/python3.10/site-packages/mypkg/listener.py to listener.cpython-310.pyc
[0.565s] running install_data
[0.566s] copying package.xml -> /home/sakutoshirasawa/robosys2023_2/ros2_ws/src/mypkg/install/mypkg/share/mypkg
[0.566s] copying launch/talk_listen.launch.py -> /home/sakutoshirasawa/robosys2023_2/ros2_ws/src/mypkg/install/mypkg/share/mypkg
[0.566s] running install_egg_info
[0.567s] removing '/home/sakutoshirasawa/robosys2023_2/ros2_ws/src/mypkg/install/mypkg/lib/python3.10/site-packages/mypkg-0.0.0-py3.10.egg-info' (and everything under it)
[0.567s] Copying build/mypkg/mypkg.egg-info to /home/sakutoshirasawa/robosys2023_2/ros2_ws/src/mypkg/install/mypkg/lib/python3.10/site-packages/mypkg-0.0.0-py3.10.egg-info
[0.567s] running install_scripts
[0.582s] Installing listener script to /home/sakutoshirasawa/robosys2023_2/ros2_ws/src/mypkg/install/mypkg/lib/mypkg
[0.582s] Installing talker script to /home/sakutoshirasawa/robosys2023_2/ros2_ws/src/mypkg/install/mypkg/lib/mypkg
[0.582s] writing list of installed files to '/home/sakutoshirasawa/robosys2023_2/ros2_ws/src/mypkg/build/mypkg/install.log'
[0.599s] Invoked command in '/home/sakutoshirasawa/robosys2023_2/ros2_ws/src/mypkg' returned '0': PYTHONPATH=/home/sakutoshirasawa/robosys2023_2/ros2_ws/src/mypkg/build/mypkg/prefix_override:/home/sakutoshirasawa/robosys2023_2/ros2_ws/src/mypkg/install/mypkg/lib/python3.10/site-packages:${PYTHONPATH} /usr/bin/python3 setup.py egg_info --egg-base build/mypkg build --build-base /home/sakutoshirasawa/robosys2023_2/ros2_ws/src/mypkg/build/mypkg/build install --record /home/sakutoshirasawa/robosys2023_2/ros2_ws/src/mypkg/build/mypkg/install.log --single-version-externally-managed
