[0.489s] Invoking command in '/home/sakutoshirasawa/ros2_ws/src/mypkg': PYTHONPATH=/home/sakutoshirasawa/ros2_ws/build/mypkg/prefix_override:/home/sakutoshirasawa/ros2_ws/install/mypkg/lib/python3.10/site-packages:${PYTHONPATH} /usr/bin/python3 setup.py egg_info --egg-base ../../build/mypkg build --build-base /home/sakutoshirasawa/ros2_ws/build/mypkg/build install --record /home/sakutoshirasawa/ros2_ws/build/mypkg/install.log --single-version-externally-managed
[0.650s] running egg_info
[0.650s] writing ../../build/mypkg/mypkg.egg-info/PKG-INFO
[0.650s] writing dependency_links to ../../build/mypkg/mypkg.egg-info/dependency_links.txt
[0.650s] writing entry points to ../../build/mypkg/mypkg.egg-info/entry_points.txt
[0.650s] writing requirements to ../../build/mypkg/mypkg.egg-info/requires.txt
[0.651s] writing top-level names to ../../build/mypkg/mypkg.egg-info/top_level.txt
[0.651s] reading manifest file '../../build/mypkg/mypkg.egg-info/SOURCES.txt'
[0.651s] writing manifest file '../../build/mypkg/mypkg.egg-info/SOURCES.txt'
[0.652s] running build
[0.652s] running build_py
[0.652s] copying mypkg/talker.py -> /home/sakutoshirasawa/ros2_ws/build/mypkg/build/lib/mypkg
[0.652s] running install
[0.652s] /usr/lib/python3/dist-packages/setuptools/command/install.py:34: SetuptoolsDeprecationWarning: setup.py install is deprecated. Use build and pip and other standards-based tools.
[0.652s]   warnings.warn(
[0.653s] running install_lib
[0.653s] copying /home/sakutoshirasawa/ros2_ws/build/mypkg/build/lib/mypkg/talker.py -> /home/sakutoshirasawa/ros2_ws/install/mypkg/lib/python3.10/site-packages/mypkg
[0.654s] byte-compiling /home/sakutoshirasawa/ros2_ws/install/mypkg/lib/python3.10/site-packages/mypkg/talker.py to talker.cpython-310.pyc
[0.654s] running install_data
[0.654s] running install_egg_info
[0.654s]   File "/home/sakutoshirasawa/ros2_ws/install/mypkg/lib/python3.10/site-packages/mypkg/talker.py", line 7
[0.655s]     pub = node.create_publisher(Person,, "person", 10)
[0.655s]                                        ^
[0.655s] SyntaxError: invalid syntax
[0.655s] 
[0.656s] removing '/home/sakutoshirasawa/ros2_ws/install/mypkg/lib/python3.10/site-packages/mypkg-0.0.0-py3.10.egg-info' (and everything under it)
[0.656s] Copying ../../build/mypkg/mypkg.egg-info to /home/sakutoshirasawa/ros2_ws/install/mypkg/lib/python3.10/site-packages/mypkg-0.0.0-py3.10.egg-info
[0.656s] running install_scripts
[0.673s] Installing listener script to /home/sakutoshirasawa/ros2_ws/install/mypkg/lib/mypkg
[0.673s] Installing talker script to /home/sakutoshirasawa/ros2_ws/install/mypkg/lib/mypkg
[0.673s] writing list of installed files to '/home/sakutoshirasawa/ros2_ws/build/mypkg/install.log'
[0.702s] Invoked command in '/home/sakutoshirasawa/ros2_ws/src/mypkg' returned '0': PYTHONPATH=/home/sakutoshirasawa/ros2_ws/build/mypkg/prefix_override:/home/sakutoshirasawa/ros2_ws/install/mypkg/lib/python3.10/site-packages:${PYTHONPATH} /usr/bin/python3 setup.py egg_info --egg-base ../../build/mypkg build --build-base /home/sakutoshirasawa/ros2_ws/build/mypkg/build install --record /home/sakutoshirasawa/ros2_ws/build/mypkg/install.log --single-version-externally-managed
