[0.652s] Invoking command in '/home/sakutoshirasawa/ros2_ws/src/mypkg': PYTHONPATH=/home/sakutoshirasawa/ros2_ws/build/mypkg/prefix_override:/home/sakutoshirasawa/ros2_ws/install/mypkg/lib/python3.10/site-packages:${PYTHONPATH} /usr/bin/python3 setup.py egg_info --egg-base ../../build/mypkg build --build-base /home/sakutoshirasawa/ros2_ws/build/mypkg/build install --record /home/sakutoshirasawa/ros2_ws/build/mypkg/install.log --single-version-externally-managed
[0.867s] running egg_info
[0.868s] writing ../../build/mypkg/mypkg.egg-info/PKG-INFO
[0.868s] writing dependency_links to ../../build/mypkg/mypkg.egg-info/dependency_links.txt
[0.869s] writing entry points to ../../build/mypkg/mypkg.egg-info/entry_points.txt
[0.869s] writing requirements to ../../build/mypkg/mypkg.egg-info/requires.txt
[0.869s] writing top-level names to ../../build/mypkg/mypkg.egg-info/top_level.txt
[0.870s] reading manifest file '../../build/mypkg/mypkg.egg-info/SOURCES.txt'
[0.871s] writing manifest file '../../build/mypkg/mypkg.egg-info/SOURCES.txt'
[0.871s] running build
[0.871s] running build_py
[0.872s] copying mypkg/talker.py -> /home/sakutoshirasawa/ros2_ws/build/mypkg/build/lib/mypkg
[0.872s] running install
[0.872s] running install_lib
[0.873s] /usr/lib/python3/dist-packages/setuptools/command/install.py:34: SetuptoolsDeprecationWarning: setup.py install is deprecated. Use build and pip and other standards-based tools.
[0.873s]   warnings.warn(
[0.873s] copying /home/sakutoshirasawa/ros2_ws/build/mypkg/build/lib/mypkg/talker.py -> /home/sakutoshirasawa/ros2_ws/install/mypkg/lib/python3.10/site-packages/mypkg
[0.874s] byte-compiling /home/sakutoshirasawa/ros2_ws/install/mypkg/lib/python3.10/site-packages/mypkg/talker.py to talker.cpython-310.pyc
[0.874s] running install_data
[0.875s] copying package.xml -> /home/sakutoshirasawa/ros2_ws/install/mypkg/share/mypkg
[0.875s] running install_egg_info
[0.877s] removing '/home/sakutoshirasawa/ros2_ws/install/mypkg/lib/python3.10/site-packages/mypkg-0.0.0-py3.10.egg-info' (and everything under it)
[0.877s] Copying ../../build/mypkg/mypkg.egg-info to /home/sakutoshirasawa/ros2_ws/install/mypkg/lib/python3.10/site-packages/mypkg-0.0.0-py3.10.egg-info
[0.878s] running install_scripts
[0.900s] Installing talker script to /home/sakutoshirasawa/ros2_ws/install/mypkg/lib/mypkg
[0.901s] writing list of installed files to '/home/sakutoshirasawa/ros2_ws/build/mypkg/install.log'
[0.926s] Invoked command in '/home/sakutoshirasawa/ros2_ws/src/mypkg' returned '0': PYTHONPATH=/home/sakutoshirasawa/ros2_ws/build/mypkg/prefix_override:/home/sakutoshirasawa/ros2_ws/install/mypkg/lib/python3.10/site-packages:${PYTHONPATH} /usr/bin/python3 setup.py egg_info --egg-base ../../build/mypkg build --build-base /home/sakutoshirasawa/ros2_ws/build/mypkg/build install --record /home/sakutoshirasawa/ros2_ws/build/mypkg/install.log --single-version-externally-managed
